<?xml version="1.0" encoding="UTF-8"?>
<!-- Generated by org.testng.reporters.JUnitXMLReporter -->
<testsuite hostname="apples-MacBook-Pro.local" ignored="0" name="FREE CRM Test Cases" tests="12" failures="1" timestamp="23 Jan 2018 16:25:10 GMT" time="76.454" errors="0">
  <testcase name="loginPageTitleTest" time="0.014" classname="com.crm.qa.tests.LoginPageTest"/>
  <testcase name="verifyHomePageTitleTest" time="0.008" classname="com.crm.qa.tests.HomePageTest">
    <failure type="java.lang.AssertionError" message="Home page title not matched expected [CRMPRO] but found [#1 Free CRM for Any Business: Online Customer Relationship Software]">
      <![CDATA[java.lang.AssertionError: Home page title not matched expected [CRMPRO] but found [#1 Free CRM for Any Business: Online Customer Relationship Software]
	at com.crm.qa.tests.HomePageTest.verifyHomePageTitleTest(HomePageTest.java:41)
... Removed 30 stack frames]]>
    </failure>
  </testcase> <!-- verifyHomePageTitleTest -->
  <testcase name="verifyContactsLabelTest" time="0.049" classname="com.crm.qa.tests.ContactsPageTest"/>
  <testcase name="crmLogoImageTest" time="0.076" classname="com.crm.qa.tests.LoginPageTest"/>
  <testcase name="verifyCorrectUserNameTest" time="0.842" classname="com.crm.qa.tests.HomePageTest"/>
  <testcase name="selectSingleContactsTest" time="0.231" classname="com.crm.qa.tests.ContactsPageTest"/>
  <testcase name="loginTest" time="0.179" classname="com.crm.qa.tests.LoginPageTest"/>
  <testcase name="verifyContactsLinkTest" time="1.444" classname="com.crm.qa.tests.HomePageTest"/>
  <testcase name="selectMultipleContactsTest" time="0.676" classname="com.crm.qa.tests.ContactsPageTest"/>
  <testcase name="validateCreateNewContact" time="2.395" classname="com.crm.qa.tests.ContactsPageTest"/>
  <testcase name="validateCreateNewContact" time="1.887" classname="com.crm.qa.tests.ContactsPageTest"/>
  <testcase name="validateCreateNewContact" time="2.376" classname="com.crm.qa.tests.ContactsPageTest"/>
</testsuite> <!-- FREE CRM Test Cases -->
